ARM GAS  /tmp/cc3SNvKO.s 			page 1


   1              		.cpu cortex-m3
   2              		.arch armv7-m
   3              		.fpu softvfp
   4              		.eabi_attribute 20, 1
   5              		.eabi_attribute 21, 1
   6              		.eabi_attribute 23, 3
   7              		.eabi_attribute 24, 1
   8              		.eabi_attribute 25, 1
   9              		.eabi_attribute 26, 1
  10              		.eabi_attribute 30, 1
  11              		.eabi_attribute 34, 1
  12              		.eabi_attribute 18, 4
  13              		.file	"main.c"
  14              		.text
  15              	.Ltext0:
  16              		.cfi_sections	.debug_frame
  17              		.file 1 "./USER/main.c"
  18              		.section	.text.main,"ax",%progbits
  19              		.align	1
  20              		.global	main
  21              		.syntax unified
  22              		.thumb
  23              		.thumb_func
  25              	main:
  26              	.LFB29:
   1:./USER/main.c **** #include "stm32f10x.h"
   2:./USER/main.c **** 
   3:./USER/main.c **** int main(void){
  27              		.loc 1 3 15 view -0
  28              		.cfi_startproc
  29              		@ Volatile: function does not return.
  30              		@ args = 0, pretend = 0, frame = 0
  31              		@ frame_needed = 0, uses_anonymous_args = 0
  32              		@ link register save eliminated.
  33              	.L2:
   4:./USER/main.c ****   
   5:./USER/main.c ****   while(1)
  34              		.loc 1 5 3 view .LVU1
   6:./USER/main.c ****   {}
  35              		.loc 1 6 4 view .LVU2
   5:./USER/main.c **** #include "stm32f10x.h"

int main(void){
  
  while(1)
  {}

  return 0;
}


  36              		.loc 1 5 8 view .LVU3
  37 0000 FEE7     		b	.L2
  38              		.cfi_endproc
  39              	.LFE29:
  41              		.text
  42              	.Letext0:
ARM GAS  /tmp/cc3SNvKO.s 			page 2


DEFINED SYMBOLS
                            *ABS*:00000000 main.c
     /tmp/cc3SNvKO.s:19     .text.main:00000000 $t
     /tmp/cc3SNvKO.s:25     .text.main:00000000 main

NO UNDEFINED SYMBOLS
