ARM GAS  /tmp/cc9oRx3u.s 			page 1


   1              		.cpu cortex-m3
   2              		.arch armv7-m
   3              		.fpu softvfp
   4              		.eabi_attribute 20, 1
   5              		.eabi_attribute 21, 1
   6              		.eabi_attribute 23, 3
   7              		.eabi_attribute 24, 1
   8              		.eabi_attribute 25, 1
   9              		.eabi_attribute 26, 1
  10              		.eabi_attribute 30, 1
  11              		.eabi_attribute 34, 1
  12              		.eabi_attribute 18, 4
  13              		.file	"stm32f10x_it.c"
  14              		.text
  15              	.Ltext0:
  16              		.cfi_sections	.debug_frame
  17              		.file 1 "./USER/stm32f10x_it.c"
  18              		.section	.text.NMI_Handler,"ax",%progbits
  19              		.align	1
  20              		.global	NMI_Handler
  21              		.syntax unified
  22              		.thumb
  23              		.thumb_func
  25              	NMI_Handler:
  26              	.LFB29:
   1:./USER/stm32f10x_it.c **** /**
   2:./USER/stm32f10x_it.c ****   ******************************************************************************
   3:./USER/stm32f10x_it.c ****   * @file    GPIO/IOToggle/stm32f10x_it.c 
   4:./USER/stm32f10x_it.c ****   * @author  MCD Application Team
   5:./USER/stm32f10x_it.c ****   * @version V3.5.0
   6:./USER/stm32f10x_it.c ****   * @date    08-April-2011
   7:./USER/stm32f10x_it.c ****   * @brief   Main Interrupt Service Routines.
   8:./USER/stm32f10x_it.c ****   *          This file provides template for all exceptions handler and peripherals
   9:./USER/stm32f10x_it.c ****   *          interrupt service routine.
  10:./USER/stm32f10x_it.c ****   ******************************************************************************
  11:./USER/stm32f10x_it.c ****   * @attention
  12:./USER/stm32f10x_it.c ****   *
  13:./USER/stm32f10x_it.c ****   * THE PRESENT FIRMWARE WHICH IS FOR GUIDANCE ONLY AIMS AT PROVIDING CUSTOMERS
  14:./USER/stm32f10x_it.c ****   * WITH CODING INFORMATION REGARDING THEIR PRODUCTS IN ORDER FOR THEM TO SAVE
  15:./USER/stm32f10x_it.c ****   * TIME. AS A RESULT, STMICROELECTRONICS SHALL NOT BE HELD LIABLE FOR ANY
  16:./USER/stm32f10x_it.c ****   * DIRECT, INDIRECT OR CONSEQUENTIAL DAMAGES WITH RESPECT TO ANY CLAIMS ARISING
  17:./USER/stm32f10x_it.c ****   * FROM THE CONTENT OF SUCH FIRMWARE AND/OR THE USE MADE BY CUSTOMERS OF THE
  18:./USER/stm32f10x_it.c ****   * CODING INFORMATION CONTAINED HEREIN IN CONNECTION WITH THEIR PRODUCTS.
  19:./USER/stm32f10x_it.c ****   *
  20:./USER/stm32f10x_it.c ****   * <h2><center>&copy; COPYRIGHT 2011 STMicroelectronics</center></h2>
  21:./USER/stm32f10x_it.c ****   ******************************************************************************
  22:./USER/stm32f10x_it.c ****   */
  23:./USER/stm32f10x_it.c **** 
  24:./USER/stm32f10x_it.c **** /* Includes ------------------------------------------------------------------*/
  25:./USER/stm32f10x_it.c **** #include "stm32f10x_it.h" 
  26:./USER/stm32f10x_it.c **** 
  27:./USER/stm32f10x_it.c **** 
  28:./USER/stm32f10x_it.c ****  
  29:./USER/stm32f10x_it.c **** void NMI_Handler(void)
  30:./USER/stm32f10x_it.c **** {
  27              		.loc 1 30 1 view -0
  28              		.cfi_startproc
ARM GAS  /tmp/cc9oRx3u.s 			page 2


  29              		@ args = 0, pretend = 0, frame = 0
  30              		@ frame_needed = 0, uses_anonymous_args = 0
  31              		@ link register save eliminated.
  31:./USER/stm32f10x_it.c **** }
  32              		.loc 1 31 1 view .LVU1
  33 0000 7047     		bx	lr
  34              		.cfi_endproc
  35              	.LFE29:
  37              		.section	.text.HardFault_Handler,"ax",%progbits
  38              		.align	1
  39              		.global	HardFault_Handler
  40              		.syntax unified
  41              		.thumb
  42              		.thumb_func
  44              	HardFault_Handler:
  45              	.LFB30:
  32:./USER/stm32f10x_it.c ****  
  33:./USER/stm32f10x_it.c **** void HardFault_Handler(void)
  34:./USER/stm32f10x_it.c **** {
  46              		.loc 1 34 1 view -0
  47              		.cfi_startproc
  48              		@ Volatile: function does not return.
  49              		@ args = 0, pretend = 0, frame = 0
  50              		@ frame_needed = 0, uses_anonymous_args = 0
  51              		@ link register save eliminated.
  52              	.L3:
  35:./USER/stm32f10x_it.c ****   /* Go to infinite loop when Hard Fault exception occurs */
  36:./USER/stm32f10x_it.c ****   while (1)
  53              		.loc 1 36 3 view .LVU3
  37:./USER/stm32f10x_it.c ****   {
  38:./USER/stm32f10x_it.c ****   }
  54              		.loc 1 38 3 view .LVU4
  36:./USER/stm32f10x_it.c ****   {
  55              		.loc 1 36 9 view .LVU5
  56 0000 FEE7     		b	.L3
  57              		.cfi_endproc
  58              	.LFE30:
  60              		.section	.text.MemManage_Handler,"ax",%progbits
  61              		.align	1
  62              		.global	MemManage_Handler
  63              		.syntax unified
  64              		.thumb
  65              		.thumb_func
  67              	MemManage_Handler:
  68              	.LFB31:
  39:./USER/stm32f10x_it.c **** }
  40:./USER/stm32f10x_it.c ****  
  41:./USER/stm32f10x_it.c **** void MemManage_Handler(void)
  42:./USER/stm32f10x_it.c **** {
  69              		.loc 1 42 1 view -0
  70              		.cfi_startproc
  71              		@ Volatile: function does not return.
  72              		@ args = 0, pretend = 0, frame = 0
  73              		@ frame_needed = 0, uses_anonymous_args = 0
  74              		@ link register save eliminated.
  75              	.L5:
  43:./USER/stm32f10x_it.c ****   /* Go to infinite loop when Memory Manage exception occurs */
ARM GAS  /tmp/cc9oRx3u.s 			page 3


  44:./USER/stm32f10x_it.c ****   while (1)
  76              		.loc 1 44 3 view .LVU7
  45:./USER/stm32f10x_it.c ****   {
  46:./USER/stm32f10x_it.c ****   }
  77              		.loc 1 46 3 view .LVU8
  44:./USER/stm32f10x_it.c ****   {
  78              		.loc 1 44 9 view .LVU9
  79 0000 FEE7     		b	.L5
  80              		.cfi_endproc
  81              	.LFE31:
  83              		.section	.text.BusFault_Handler,"ax",%progbits
  84              		.align	1
  85              		.global	BusFault_Handler
  86              		.syntax unified
  87              		.thumb
  88              		.thumb_func
  90              	BusFault_Handler:
  91              	.LFB32:
  47:./USER/stm32f10x_it.c **** }
  48:./USER/stm32f10x_it.c **** 
  49:./USER/stm32f10x_it.c ****  
  50:./USER/stm32f10x_it.c **** void BusFault_Handler(void)
  51:./USER/stm32f10x_it.c **** {
  92              		.loc 1 51 1 view -0
  93              		.cfi_startproc
  94              		@ Volatile: function does not return.
  95              		@ args = 0, pretend = 0, frame = 0
  96              		@ frame_needed = 0, uses_anonymous_args = 0
  97              		@ link register save eliminated.
  98              	.L7:
  52:./USER/stm32f10x_it.c ****   /* Go to infinite loop when Bus Fault exception occurs */
  53:./USER/stm32f10x_it.c ****   while (1)
  99              		.loc 1 53 3 view .LVU11
  54:./USER/stm32f10x_it.c ****   {
  55:./USER/stm32f10x_it.c ****   }
 100              		.loc 1 55 3 view .LVU12
  53:./USER/stm32f10x_it.c ****   {
 101              		.loc 1 53 9 view .LVU13
 102 0000 FEE7     		b	.L7
 103              		.cfi_endproc
 104              	.LFE32:
 106              		.section	.text.UsageFault_Handler,"ax",%progbits
 107              		.align	1
 108              		.global	UsageFault_Handler
 109              		.syntax unified
 110              		.thumb
 111              		.thumb_func
 113              	UsageFault_Handler:
 114              	.LFB33:
  56:./USER/stm32f10x_it.c **** }
  57:./USER/stm32f10x_it.c ****  
  58:./USER/stm32f10x_it.c **** void UsageFault_Handler(void)
  59:./USER/stm32f10x_it.c **** {
 115              		.loc 1 59 1 view -0
 116              		.cfi_startproc
 117              		@ Volatile: function does not return.
 118              		@ args = 0, pretend = 0, frame = 0
ARM GAS  /tmp/cc9oRx3u.s 			page 4


 119              		@ frame_needed = 0, uses_anonymous_args = 0
 120              		@ link register save eliminated.
 121              	.L9:
  60:./USER/stm32f10x_it.c ****   /* Go to infinite loop when Usage Fault exception occurs */
  61:./USER/stm32f10x_it.c ****   while (1)
 122              		.loc 1 61 3 view .LVU15
  62:./USER/stm32f10x_it.c ****   {
  63:./USER/stm32f10x_it.c ****   }
 123              		.loc 1 63 3 view .LVU16
  61:./USER/stm32f10x_it.c ****   {
 124              		.loc 1 61 9 view .LVU17
 125 0000 FEE7     		b	.L9
 126              		.cfi_endproc
 127              	.LFE33:
 129              		.section	.text.SVC_Handler,"ax",%progbits
 130              		.align	1
 131              		.global	SVC_Handler
 132              		.syntax unified
 133              		.thumb
 134              		.thumb_func
 136              	SVC_Handler:
 137              	.LFB34:
  64:./USER/stm32f10x_it.c **** }
  65:./USER/stm32f10x_it.c ****  
  66:./USER/stm32f10x_it.c **** void SVC_Handler(void)
  67:./USER/stm32f10x_it.c **** {
 138              		.loc 1 67 1 view -0
 139              		.cfi_startproc
 140              		@ args = 0, pretend = 0, frame = 0
 141              		@ frame_needed = 0, uses_anonymous_args = 0
 142              		@ link register save eliminated.
  68:./USER/stm32f10x_it.c **** }
 143              		.loc 1 68 1 view .LVU19
 144 0000 7047     		bx	lr
 145              		.cfi_endproc
 146              	.LFE34:
 148              		.section	.text.DebugMon_Handler,"ax",%progbits
 149              		.align	1
 150              		.global	DebugMon_Handler
 151              		.syntax unified
 152              		.thumb
 153              		.thumb_func
 155              	DebugMon_Handler:
 156              	.LFB35:
  69:./USER/stm32f10x_it.c ****  
  70:./USER/stm32f10x_it.c **** void DebugMon_Handler(void)
  71:./USER/stm32f10x_it.c **** {
 157              		.loc 1 71 1 view -0
 158              		.cfi_startproc
 159              		@ args = 0, pretend = 0, frame = 0
 160              		@ frame_needed = 0, uses_anonymous_args = 0
 161              		@ link register save eliminated.
  72:./USER/stm32f10x_it.c **** }
 162              		.loc 1 72 1 view .LVU21
 163 0000 7047     		bx	lr
 164              		.cfi_endproc
 165              	.LFE35:
ARM GAS  /tmp/cc9oRx3u.s 			page 5


 167              		.section	.text.PendSV_Handler,"ax",%progbits
 168              		.align	1
 169              		.global	PendSV_Handler
 170              		.syntax unified
 171              		.thumb
 172              		.thumb_func
 174              	PendSV_Handler:
 175              	.LFB36:
  73:./USER/stm32f10x_it.c ****  
  74:./USER/stm32f10x_it.c **** void PendSV_Handler(void)
  75:./USER/stm32f10x_it.c **** {
 176              		.loc 1 75 1 view -0
 177              		.cfi_startproc
 178              		@ args = 0, pretend = 0, frame = 0
 179              		@ frame_needed = 0, uses_anonymous_args = 0
 180              		@ link register save eliminated.
  76:./USER/stm32f10x_it.c **** }
 181              		.loc 1 76 1 view .LVU23
 182 0000 7047     		bx	lr
 183              		.cfi_endproc
 184              	.LFE36:
 186              		.section	.text.SysTick_Handler,"ax",%progbits
 187              		.align	1
 188              		.global	SysTick_Handler
 189              		.syntax unified
 190              		.thumb
 191              		.thumb_func
 193              	SysTick_Handler:
 194              	.LFB37:
  77:./USER/stm32f10x_it.c ****  
  78:./USER/stm32f10x_it.c **** void SysTick_Handler(void)
  79:./USER/stm32f10x_it.c **** {
 195              		.loc 1 79 1 view -0
 196              		.cfi_startproc
 197              		@ args = 0, pretend = 0, frame = 0
 198              		@ frame_needed = 0, uses_anonymous_args = 0
 199              		@ link register save eliminated.
  80:./USER/stm32f10x_it.c **** }
 200              		.loc 1 80 1 view .LVU25
 201 0000 7047     		bx	lr
 202              		.cfi_endproc
 203              	.LFE37:
 205              		.text
 206              	.Letext0:
ARM GAS  /tmp/cc9oRx3u.s 			page 6


DEFINED SYMBOLS
                            *ABS*:00000000 stm32f10x_it.c
     /tmp/cc9oRx3u.s:19     .text.NMI_Handler:00000000 $t
     /tmp/cc9oRx3u.s:25     .text.NMI_Handler:00000000 NMI_Handler
     /tmp/cc9oRx3u.s:38     .text.HardFault_Handler:00000000 $t
     /tmp/cc9oRx3u.s:44     .text.HardFault_Handler:00000000 HardFault_Handler
     /tmp/cc9oRx3u.s:61     .text.MemManage_Handler:00000000 $t
     /tmp/cc9oRx3u.s:67     .text.MemManage_Handler:00000000 MemManage_Handler
     /tmp/cc9oRx3u.s:84     .text.BusFault_Handler:00000000 $t
     /tmp/cc9oRx3u.s:90     .text.BusFault_Handler:00000000 BusFault_Handler
     /tmp/cc9oRx3u.s:107    .text.UsageFault_Handler:00000000 $t
     /tmp/cc9oRx3u.s:113    .text.UsageFault_Handler:00000000 UsageFault_Handler
     /tmp/cc9oRx3u.s:130    .text.SVC_Handler:00000000 $t
     /tmp/cc9oRx3u.s:136    .text.SVC_Handler:00000000 SVC_Handler
     /tmp/cc9oRx3u.s:149    .text.DebugMon_Handler:00000000 $t
     /tmp/cc9oRx3u.s:155    .text.DebugMon_Handler:00000000 DebugMon_Handler
     /tmp/cc9oRx3u.s:168    .text.PendSV_Handler:00000000 $t
     /tmp/cc9oRx3u.s:174    .text.PendSV_Handler:00000000 PendSV_Handler
     /tmp/cc9oRx3u.s:187    .text.SysTick_Handler:00000000 $t
     /tmp/cc9oRx3u.s:193    .text.SysTick_Handler:00000000 SysTick_Handler

NO UNDEFINED SYMBOLS
